   0  $accept : %entry% $end

   1  inst : IDENT FLECHE expr EOF
   2       | error

   3  expr : expr PLUS expr
   4       | expr INF expr
   5       | expr AND expr
   6       | PAROUV expr PARFERM
   7       | IDENT

   8  %entry% : '\001' inst

state 0
	$accept : . %entry% $end  (0)

	'\001'  shift 1
	.  error

	%entry%  goto 2


state 1
	%entry% : '\001' . inst  (8)

	error  shift 3
	IDENT  shift 4
	.  error

	inst  goto 5


state 2
	$accept : %entry% . $end  (0)

	$end  accept


state 3
	inst : error .  (2)

	.  reduce 2


state 4
	inst : IDENT . FLECHE expr EOF  (1)

	FLECHE  shift 6
	.  error


state 5
	%entry% : '\001' inst .  (8)

	.  reduce 8


state 6
	inst : IDENT FLECHE . expr EOF  (1)

	PAROUV  shift 7
	IDENT  shift 8
	.  error

	expr  goto 9


state 7
	expr : PAROUV . expr PARFERM  (6)

	PAROUV  shift 7
	IDENT  shift 8
	.  error

	expr  goto 10


state 8
	expr : IDENT .  (7)

	.  reduce 7


state 9
	inst : IDENT FLECHE expr . EOF  (1)
	expr : expr . PLUS expr  (3)
	expr : expr . INF expr  (4)
	expr : expr . AND expr  (5)

	PLUS  shift 11
	INF  shift 12
	AND  shift 13
	EOF  shift 14
	.  error


state 10
	expr : expr . PLUS expr  (3)
	expr : expr . INF expr  (4)
	expr : expr . AND expr  (5)
	expr : PAROUV expr . PARFERM  (6)

	PLUS  shift 11
	PARFERM  shift 15
	INF  shift 12
	AND  shift 13
	.  error


state 11
	expr : expr PLUS . expr  (3)

	PAROUV  shift 7
	IDENT  shift 8
	.  error

	expr  goto 16


state 12
	expr : expr INF . expr  (4)

	PAROUV  shift 7
	IDENT  shift 8
	.  error

	expr  goto 17


state 13
	expr : expr AND . expr  (5)

	PAROUV  shift 7
	IDENT  shift 8
	.  error

	expr  goto 18


state 14
	inst : IDENT FLECHE expr EOF .  (1)

	.  reduce 1


state 15
	expr : PAROUV expr PARFERM .  (6)

	.  reduce 6


state 16
	expr : expr . PLUS expr  (3)
	expr : expr PLUS expr .  (3)
	expr : expr . INF expr  (4)
	expr : expr . AND expr  (5)

	.  reduce 3


state 17
	expr : expr . PLUS expr  (3)
	expr : expr . INF expr  (4)
	expr : expr INF expr .  (4)
	expr : expr . AND expr  (5)

	PLUS  shift 11
	PARFERM  reduce 4
	INF  reduce 4
	AND  reduce 4
	EOF  reduce 4


state 18
	expr : expr . PLUS expr  (3)
	expr : expr . INF expr  (4)
	expr : expr . AND expr  (5)
	expr : expr AND expr .  (5)

	PLUS  shift 11
	INF  shift 12
	PARFERM  reduce 5
	AND  reduce 5
	EOF  reduce 5


11 terminals, 4 nonterminals
9 grammar rules, 19 states
